mode: set
gitlab.com/vk-go/lectures-2022-2/03_net1/99_hw/coverage/client.go:69.80,73.19 2 1
gitlab.com/vk-go/lectures-2022-2/03_net1/99_hw/coverage/client.go:76.2,76.20 1 1
gitlab.com/vk-go/lectures-2022-2/03_net1/99_hw/coverage/client.go:79.2,79.20 1 1
gitlab.com/vk-go/lectures-2022-2/03_net1/99_hw/coverage/client.go:84.2,96.16 10 1
gitlab.com/vk-go/lectures-2022-2/03_net1/99_hw/coverage/client.go:102.2,105.25 3 1
gitlab.com/vk-go/lectures-2022-2/03_net1/99_hw/coverage/client.go:122.2,124.16 3 1
gitlab.com/vk-go/lectures-2022-2/03_net1/99_hw/coverage/client.go:128.2,129.28 2 1
gitlab.com/vk-go/lectures-2022-2/03_net1/99_hw/coverage/client.go:136.2,136.21 1 1
gitlab.com/vk-go/lectures-2022-2/03_net1/99_hw/coverage/client.go:73.19,75.3 1 1
gitlab.com/vk-go/lectures-2022-2/03_net1/99_hw/coverage/client.go:76.20,78.3 1 1
gitlab.com/vk-go/lectures-2022-2/03_net1/99_hw/coverage/client.go:79.20,81.3 1 1
gitlab.com/vk-go/lectures-2022-2/03_net1/99_hw/coverage/client.go:96.16,97.54 1 1
gitlab.com/vk-go/lectures-2022-2/03_net1/99_hw/coverage/client.go:100.3,100.50 1 1
gitlab.com/vk-go/lectures-2022-2/03_net1/99_hw/coverage/client.go:97.54,99.4 1 1
gitlab.com/vk-go/lectures-2022-2/03_net1/99_hw/coverage/client.go:106.31,107.44 1 1
gitlab.com/vk-go/lectures-2022-2/03_net1/99_hw/coverage/client.go:108.38,109.53 1 1
gitlab.com/vk-go/lectures-2022-2/03_net1/99_hw/coverage/client.go:110.29,113.17 3 1
gitlab.com/vk-go/lectures-2022-2/03_net1/99_hw/coverage/client.go:116.3,116.42 1 1
gitlab.com/vk-go/lectures-2022-2/03_net1/99_hw/coverage/client.go:119.3,119.73 1 1
gitlab.com/vk-go/lectures-2022-2/03_net1/99_hw/coverage/client.go:113.17,115.4 1 0
gitlab.com/vk-go/lectures-2022-2/03_net1/99_hw/coverage/client.go:116.42,118.4 1 1
gitlab.com/vk-go/lectures-2022-2/03_net1/99_hw/coverage/client.go:124.16,126.3 1 0
gitlab.com/vk-go/lectures-2022-2/03_net1/99_hw/coverage/client.go:129.28,132.3 2 1
gitlab.com/vk-go/lectures-2022-2/03_net1/99_hw/coverage/client.go:132.8,134.3 1 1
gitlab.com/vk-go/lectures-2022-2/03_net1/99_hw/coverage/server.go:51.69,53.2 1 0
gitlab.com/vk-go/lectures-2022-2/03_net1/99_hw/coverage/server.go:58.59,60.43 1 1
gitlab.com/vk-go/lectures-2022-2/03_net1/99_hw/coverage/server.go:65.2,66.16 2 1
gitlab.com/vk-go/lectures-2022-2/03_net1/99_hw/coverage/server.go:73.2,75.17 3 1
gitlab.com/vk-go/lectures-2022-2/03_net1/99_hw/coverage/server.go:81.2,83.17 3 1
gitlab.com/vk-go/lectures-2022-2/03_net1/99_hw/coverage/server.go:93.2,94.22 2 1
gitlab.com/vk-go/lectures-2022-2/03_net1/99_hw/coverage/server.go:98.2,101.17 3 1
gitlab.com/vk-go/lectures-2022-2/03_net1/99_hw/coverage/server.go:134.2,134.74 1 1
gitlab.com/vk-go/lectures-2022-2/03_net1/99_hw/coverage/server.go:154.2,154.17 1 1
gitlab.com/vk-go/lectures-2022-2/03_net1/99_hw/coverage/server.go:203.2,204.16 2 1
gitlab.com/vk-go/lectures-2022-2/03_net1/99_hw/coverage/server.go:209.2,212.18 3 1
gitlab.com/vk-go/lectures-2022-2/03_net1/99_hw/coverage/server.go:60.43,63.3 2 1
gitlab.com/vk-go/lectures-2022-2/03_net1/99_hw/coverage/server.go:66.16,71.3 4 1
gitlab.com/vk-go/lectures-2022-2/03_net1/99_hw/coverage/server.go:75.17,79.3 3 0
gitlab.com/vk-go/lectures-2022-2/03_net1/99_hw/coverage/server.go:83.17,85.17 2 1
gitlab.com/vk-go/lectures-2022-2/03_net1/99_hw/coverage/server.go:85.17,89.4 3 0
gitlab.com/vk-go/lectures-2022-2/03_net1/99_hw/coverage/server.go:94.22,96.3 1 1
gitlab.com/vk-go/lectures-2022-2/03_net1/99_hw/coverage/server.go:101.17,104.34 3 1
gitlab.com/vk-go/lectures-2022-2/03_net1/99_hw/coverage/server.go:104.34,113.4 2 1
gitlab.com/vk-go/lectures-2022-2/03_net1/99_hw/coverage/server.go:115.8,118.34 3 1
gitlab.com/vk-go/lectures-2022-2/03_net1/99_hw/coverage/server.go:118.34,119.46 1 1
gitlab.com/vk-go/lectures-2022-2/03_net1/99_hw/coverage/server.go:119.46,120.80 1 1
gitlab.com/vk-go/lectures-2022-2/03_net1/99_hw/coverage/server.go:120.80,129.6 2 1
gitlab.com/vk-go/lectures-2022-2/03_net1/99_hw/coverage/server.go:134.74,140.18 4 1
gitlab.com/vk-go/lectures-2022-2/03_net1/99_hw/coverage/server.go:145.3,146.18 2 1
gitlab.com/vk-go/lectures-2022-2/03_net1/99_hw/coverage/server.go:151.3,151.9 1 1
gitlab.com/vk-go/lectures-2022-2/03_net1/99_hw/coverage/server.go:140.18,144.4 3 0
gitlab.com/vk-go/lectures-2022-2/03_net1/99_hw/coverage/server.go:146.18,150.4 3 0
gitlab.com/vk-go/lectures-2022-2/03_net1/99_hw/coverage/server.go:155.11,156.8 1 1
gitlab.com/vk-go/lectures-2022-2/03_net1/99_hw/coverage/server.go:157.11,158.48 1 1
gitlab.com/vk-go/lectures-2022-2/03_net1/99_hw/coverage/server.go:170.12,171.48 1 1
gitlab.com/vk-go/lectures-2022-2/03_net1/99_hw/coverage/server.go:183.10,189.18 4 1
gitlab.com/vk-go/lectures-2022-2/03_net1/99_hw/coverage/server.go:194.3,195.18 2 1
gitlab.com/vk-go/lectures-2022-2/03_net1/99_hw/coverage/server.go:200.3,200.9 1 1
gitlab.com/vk-go/lectures-2022-2/03_net1/99_hw/coverage/server.go:158.48,159.22 1 1
gitlab.com/vk-go/lectures-2022-2/03_net1/99_hw/coverage/server.go:160.14,161.51 1 1
gitlab.com/vk-go/lectures-2022-2/03_net1/99_hw/coverage/server.go:162.15,163.53 1 1
gitlab.com/vk-go/lectures-2022-2/03_net1/99_hw/coverage/server.go:164.16,165.55 1 1
gitlab.com/vk-go/lectures-2022-2/03_net1/99_hw/coverage/server.go:166.12,167.17 1 0
gitlab.com/vk-go/lectures-2022-2/03_net1/99_hw/coverage/server.go:171.48,172.22 1 1
gitlab.com/vk-go/lectures-2022-2/03_net1/99_hw/coverage/server.go:173.14,174.51 1 1
gitlab.com/vk-go/lectures-2022-2/03_net1/99_hw/coverage/server.go:175.15,176.53 1 1
gitlab.com/vk-go/lectures-2022-2/03_net1/99_hw/coverage/server.go:177.16,178.55 1 1
gitlab.com/vk-go/lectures-2022-2/03_net1/99_hw/coverage/server.go:179.12,180.17 1 0
gitlab.com/vk-go/lectures-2022-2/03_net1/99_hw/coverage/server.go:189.18,193.4 3 0
gitlab.com/vk-go/lectures-2022-2/03_net1/99_hw/coverage/server.go:195.18,199.4 3 0
gitlab.com/vk-go/lectures-2022-2/03_net1/99_hw/coverage/server.go:204.16,208.3 3 0
gitlab.com/vk-go/lectures-2022-2/03_net1/99_hw/coverage/server.go:212.18,216.3 3 0
gitlab.com/vk-go/lectures-2022-2/03_net1/99_hw/coverage/server.go:219.18,235.16 5 0
gitlab.com/vk-go/lectures-2022-2/03_net1/99_hw/coverage/server.go:235.16,239.3 3 0
gitlab.com/vk-go/lectures-2022-2/03_net1/99_hw/coverage/server.go:242.13,259.16 8 0
gitlab.com/vk-go/lectures-2022-2/03_net1/99_hw/coverage/server.go:259.16,260.13 1 0
