mode: set
gitlab.com/vk-go/lectures-2022-2/03_net1/99_hw/coverage/server.go:51.69,53.2 1 0
gitlab.com/vk-go/lectures-2022-2/03_net1/99_hw/coverage/server.go:55.113,56.17 1 1
gitlab.com/vk-go/lectures-2022-2/03_net1/99_hw/coverage/server.go:102.2,102.12 1 1
gitlab.com/vk-go/lectures-2022-2/03_net1/99_hw/coverage/server.go:57.11,58.8 1 1
gitlab.com/vk-go/lectures-2022-2/03_net1/99_hw/coverage/server.go:59.11,60.49 1 1
gitlab.com/vk-go/lectures-2022-2/03_net1/99_hw/coverage/server.go:72.12,73.49 1 1
gitlab.com/vk-go/lectures-2022-2/03_net1/99_hw/coverage/server.go:85.10,91.18 4 1
gitlab.com/vk-go/lectures-2022-2/03_net1/99_hw/coverage/server.go:95.3,96.18 2 1
gitlab.com/vk-go/lectures-2022-2/03_net1/99_hw/coverage/server.go:100.3,100.39 1 1
gitlab.com/vk-go/lectures-2022-2/03_net1/99_hw/coverage/server.go:60.49,61.22 1 1
gitlab.com/vk-go/lectures-2022-2/03_net1/99_hw/coverage/server.go:62.14,63.57 1 1
gitlab.com/vk-go/lectures-2022-2/03_net1/99_hw/coverage/server.go:64.18,65.59 1 1
gitlab.com/vk-go/lectures-2022-2/03_net1/99_hw/coverage/server.go:66.19,67.61 1 1
gitlab.com/vk-go/lectures-2022-2/03_net1/99_hw/coverage/server.go:68.12,69.17 1 0
gitlab.com/vk-go/lectures-2022-2/03_net1/99_hw/coverage/server.go:73.49,74.22 1 1
gitlab.com/vk-go/lectures-2022-2/03_net1/99_hw/coverage/server.go:75.14,76.57 1 1
gitlab.com/vk-go/lectures-2022-2/03_net1/99_hw/coverage/server.go:77.18,78.59 1 1
gitlab.com/vk-go/lectures-2022-2/03_net1/99_hw/coverage/server.go:79.19,80.61 1 1
gitlab.com/vk-go/lectures-2022-2/03_net1/99_hw/coverage/server.go:81.12,82.17 1 0
gitlab.com/vk-go/lectures-2022-2/03_net1/99_hw/coverage/server.go:91.18,94.4 2 0
gitlab.com/vk-go/lectures-2022-2/03_net1/99_hw/coverage/server.go:96.18,99.4 2 0
gitlab.com/vk-go/lectures-2022-2/03_net1/99_hw/coverage/server.go:105.83,107.17 1 1
gitlab.com/vk-go/lectures-2022-2/03_net1/99_hw/coverage/server.go:107.17,110.34 3 1
gitlab.com/vk-go/lectures-2022-2/03_net1/99_hw/coverage/server.go:110.34,119.4 2 1
gitlab.com/vk-go/lectures-2022-2/03_net1/99_hw/coverage/server.go:121.8,124.34 3 1
gitlab.com/vk-go/lectures-2022-2/03_net1/99_hw/coverage/server.go:124.34,125.46 1 1
gitlab.com/vk-go/lectures-2022-2/03_net1/99_hw/coverage/server.go:125.46,126.80 1 1
gitlab.com/vk-go/lectures-2022-2/03_net1/99_hw/coverage/server.go:126.80,135.6 2 1
gitlab.com/vk-go/lectures-2022-2/03_net1/99_hw/coverage/server.go:149.59,151.43 1 1
gitlab.com/vk-go/lectures-2022-2/03_net1/99_hw/coverage/server.go:156.2,157.16 2 1
gitlab.com/vk-go/lectures-2022-2/03_net1/99_hw/coverage/server.go:164.2,166.17 3 1
gitlab.com/vk-go/lectures-2022-2/03_net1/99_hw/coverage/server.go:172.2,174.17 3 1
gitlab.com/vk-go/lectures-2022-2/03_net1/99_hw/coverage/server.go:184.2,185.22 2 1
gitlab.com/vk-go/lectures-2022-2/03_net1/99_hw/coverage/server.go:189.2,194.80 4 1
gitlab.com/vk-go/lectures-2022-2/03_net1/99_hw/coverage/server.go:214.2,215.22 2 1
gitlab.com/vk-go/lectures-2022-2/03_net1/99_hw/coverage/server.go:219.2,220.16 2 1
gitlab.com/vk-go/lectures-2022-2/03_net1/99_hw/coverage/server.go:225.2,228.18 3 1
gitlab.com/vk-go/lectures-2022-2/03_net1/99_hw/coverage/server.go:151.43,154.3 2 1
gitlab.com/vk-go/lectures-2022-2/03_net1/99_hw/coverage/server.go:157.16,162.3 4 1
gitlab.com/vk-go/lectures-2022-2/03_net1/99_hw/coverage/server.go:166.17,170.3 3 0
gitlab.com/vk-go/lectures-2022-2/03_net1/99_hw/coverage/server.go:174.17,176.17 2 1
gitlab.com/vk-go/lectures-2022-2/03_net1/99_hw/coverage/server.go:176.17,180.4 3 0
gitlab.com/vk-go/lectures-2022-2/03_net1/99_hw/coverage/server.go:185.22,187.3 1 1
gitlab.com/vk-go/lectures-2022-2/03_net1/99_hw/coverage/server.go:194.80,200.18 4 1
gitlab.com/vk-go/lectures-2022-2/03_net1/99_hw/coverage/server.go:205.3,206.18 2 1
gitlab.com/vk-go/lectures-2022-2/03_net1/99_hw/coverage/server.go:211.3,211.9 1 1
gitlab.com/vk-go/lectures-2022-2/03_net1/99_hw/coverage/server.go:200.18,204.4 3 0
gitlab.com/vk-go/lectures-2022-2/03_net1/99_hw/coverage/server.go:206.18,210.4 3 0
gitlab.com/vk-go/lectures-2022-2/03_net1/99_hw/coverage/server.go:215.22,217.3 1 1
gitlab.com/vk-go/lectures-2022-2/03_net1/99_hw/coverage/server.go:220.16,224.3 3 0
gitlab.com/vk-go/lectures-2022-2/03_net1/99_hw/coverage/server.go:228.18,232.3 3 0
gitlab.com/vk-go/lectures-2022-2/03_net1/99_hw/coverage/server.go:235.18,251.16 5 0
gitlab.com/vk-go/lectures-2022-2/03_net1/99_hw/coverage/server.go:251.16,255.3 3 0
gitlab.com/vk-go/lectures-2022-2/03_net1/99_hw/coverage/server.go:258.13,275.16 8 0
gitlab.com/vk-go/lectures-2022-2/03_net1/99_hw/coverage/server.go:275.16,276.13 1 0
gitlab.com/vk-go/lectures-2022-2/03_net1/99_hw/coverage/client.go:69.80,73.19 2 1
gitlab.com/vk-go/lectures-2022-2/03_net1/99_hw/coverage/client.go:76.2,76.20 1 1
gitlab.com/vk-go/lectures-2022-2/03_net1/99_hw/coverage/client.go:79.2,79.20 1 1
gitlab.com/vk-go/lectures-2022-2/03_net1/99_hw/coverage/client.go:84.2,96.16 10 1
gitlab.com/vk-go/lectures-2022-2/03_net1/99_hw/coverage/client.go:102.2,105.25 3 1
gitlab.com/vk-go/lectures-2022-2/03_net1/99_hw/coverage/client.go:122.2,124.16 3 1
gitlab.com/vk-go/lectures-2022-2/03_net1/99_hw/coverage/client.go:128.2,129.28 2 1
gitlab.com/vk-go/lectures-2022-2/03_net1/99_hw/coverage/client.go:136.2,136.21 1 1
gitlab.com/vk-go/lectures-2022-2/03_net1/99_hw/coverage/client.go:73.19,75.3 1 1
gitlab.com/vk-go/lectures-2022-2/03_net1/99_hw/coverage/client.go:76.20,78.3 1 1
gitlab.com/vk-go/lectures-2022-2/03_net1/99_hw/coverage/client.go:79.20,81.3 1 1
gitlab.com/vk-go/lectures-2022-2/03_net1/99_hw/coverage/client.go:96.16,97.54 1 1
gitlab.com/vk-go/lectures-2022-2/03_net1/99_hw/coverage/client.go:100.3,100.50 1 1
gitlab.com/vk-go/lectures-2022-2/03_net1/99_hw/coverage/client.go:97.54,99.4 1 1
gitlab.com/vk-go/lectures-2022-2/03_net1/99_hw/coverage/client.go:106.31,107.44 1 1
gitlab.com/vk-go/lectures-2022-2/03_net1/99_hw/coverage/client.go:108.38,109.53 1 1
gitlab.com/vk-go/lectures-2022-2/03_net1/99_hw/coverage/client.go:110.29,113.17 3 1
gitlab.com/vk-go/lectures-2022-2/03_net1/99_hw/coverage/client.go:116.3,116.42 1 1
gitlab.com/vk-go/lectures-2022-2/03_net1/99_hw/coverage/client.go:119.3,119.73 1 1
gitlab.com/vk-go/lectures-2022-2/03_net1/99_hw/coverage/client.go:113.17,115.4 1 0
gitlab.com/vk-go/lectures-2022-2/03_net1/99_hw/coverage/client.go:116.42,118.4 1 1
gitlab.com/vk-go/lectures-2022-2/03_net1/99_hw/coverage/client.go:124.16,126.3 1 0
gitlab.com/vk-go/lectures-2022-2/03_net1/99_hw/coverage/client.go:129.28,132.3 2 1
gitlab.com/vk-go/lectures-2022-2/03_net1/99_hw/coverage/client.go:132.8,134.3 1 1
