mode: set
redditclone/pkg/handlers/user.go:21.61,25.16 3 1
redditclone/pkg/handlers/user.go:30.2,32.27 3 1
redditclone/pkg/handlers/user.go:36.2,36.21 1 1
redditclone/pkg/handlers/user.go:25.16,28.3 2 0
redditclone/pkg/handlers/user.go:32.27,35.3 2 0
redditclone/pkg/handlers/user.go:39.69,42.23 2 1
redditclone/pkg/handlers/user.go:48.2,49.27 2 1
redditclone/pkg/handlers/user.go:54.2,54.28 1 1
redditclone/pkg/handlers/user.go:59.2,59.16 1 1
redditclone/pkg/handlers/user.go:65.2,66.20 2 1
redditclone/pkg/handlers/user.go:72.2,77.58 2 1
redditclone/pkg/handlers/user.go:42.23,46.3 3 0
redditclone/pkg/handlers/user.go:49.27,53.3 3 1
redditclone/pkg/handlers/user.go:54.28,58.3 3 1
redditclone/pkg/handlers/user.go:59.16,63.3 3 1
redditclone/pkg/handlers/user.go:66.20,70.3 3 1
redditclone/pkg/handlers/user.go:80.72,83.23 2 1
redditclone/pkg/handlers/user.go:89.2,95.39 3 1
redditclone/pkg/handlers/user.go:101.2,102.20 2 1
redditclone/pkg/handlers/user.go:107.2,107.64 1 1
redditclone/pkg/handlers/user.go:83.23,87.3 3 0
redditclone/pkg/handlers/user.go:95.39,99.3 3 1
redditclone/pkg/handlers/user.go:102.20,106.3 3 1
redditclone/pkg/user/mysql_repo.go:14.42,20.16 5 0
redditclone/pkg/user/mysql_repo.go:24.2,27.16 3 0
redditclone/pkg/user/mysql_repo.go:30.2,30.37 1 0
redditclone/pkg/user/mysql_repo.go:20.16,21.13 1 0
redditclone/pkg/user/mysql_repo.go:27.16,28.13 1 0
redditclone/pkg/user/mysql_repo.go:33.79,37.26 3 1
redditclone/pkg/user/mysql_repo.go:40.2,40.16 1 1
redditclone/pkg/user/mysql_repo.go:45.2,45.27 1 1
redditclone/pkg/user/mysql_repo.go:49.2,49.18 1 1
redditclone/pkg/user/mysql_repo.go:37.26,39.3 1 1
redditclone/pkg/user/mysql_repo.go:40.16,43.3 2 1
redditclone/pkg/user/mysql_repo.go:45.27,47.3 1 1
redditclone/pkg/user/mysql_repo.go:52.78,58.16 2 1
redditclone/pkg/user/mysql_repo.go:63.2,71.21 3 1
redditclone/pkg/user/mysql_repo.go:58.16,61.3 2 1
redditclone/pkg/posts/repo.go:32.44,38.2 1 0
redditclone/pkg/posts/repo.go:40.61,42.2 1 0
redditclone/pkg/posts/repo.go:44.69,45.33 1 0
redditclone/pkg/posts/repo.go:50.2,50.23 1 0
redditclone/pkg/posts/repo.go:45.33,46.20 1 0
redditclone/pkg/posts/repo.go:46.20,48.4 1 0
redditclone/pkg/posts/repo.go:53.81,55.33 2 0
redditclone/pkg/posts/repo.go:61.2,61.22 1 0
redditclone/pkg/posts/repo.go:65.2,65.20 1 0
redditclone/pkg/posts/repo.go:55.33,56.41 1 0
redditclone/pkg/posts/repo.go:56.41,58.4 1 0
redditclone/pkg/posts/repo.go:61.22,63.3 1 0
redditclone/pkg/posts/repo.go:68.69,92.2 6 0
redditclone/pkg/posts/repo.go:94.67,96.35 2 0
redditclone/pkg/posts/repo.go:102.2,102.11 1 0
redditclone/pkg/posts/repo.go:106.2,107.26 2 0
redditclone/pkg/posts/repo.go:110.2,114.18 4 0
redditclone/pkg/posts/repo.go:96.35,97.20 1 0
redditclone/pkg/posts/repo.go:97.20,99.9 2 0
redditclone/pkg/posts/repo.go:102.11,104.3 1 0
redditclone/pkg/posts/repo.go:107.26,109.3 1 0
redditclone/pkg/posts/repo.go:117.86,119.33 2 0
redditclone/pkg/posts/repo.go:125.2,125.22 1 0
redditclone/pkg/posts/repo.go:129.2,129.20 1 0
redditclone/pkg/posts/repo.go:119.33,120.32 1 0
redditclone/pkg/posts/repo.go:120.32,122.4 1 0
redditclone/pkg/posts/repo.go:125.22,127.3 1 0
redditclone/pkg/posts/repo.go:132.45,134.21 2 1
redditclone/pkg/posts/repo.go:137.2,139.30 3 1
redditclone/pkg/posts/repo.go:149.2,150.16 2 1
redditclone/pkg/posts/repo.go:154.2,154.15 1 1
redditclone/pkg/posts/repo.go:134.21,136.3 1 0
redditclone/pkg/posts/repo.go:139.30,140.22 1 1
redditclone/pkg/posts/repo.go:144.3,144.23 1 1
redditclone/pkg/posts/repo.go:140.22,142.4 1 1
redditclone/pkg/posts/repo.go:144.23,146.4 1 1
redditclone/pkg/posts/repo.go:150.16,152.3 1 0
redditclone/pkg/posts/repo.go:157.83,158.41 1 0
redditclone/pkg/posts/repo.go:179.2,179.23 1 0
redditclone/pkg/posts/repo.go:158.41,159.25 1 0
redditclone/pkg/posts/repo.go:159.25,160.41 1 0
redditclone/pkg/posts/repo.go:171.4,176.20 4 0
redditclone/pkg/posts/repo.go:160.41,161.50 1 0
redditclone/pkg/posts/repo.go:164.5,164.51 1 0
redditclone/pkg/posts/repo.go:161.50,163.6 1 0
redditclone/pkg/posts/repo.go:164.51,168.6 3 0
redditclone/pkg/posts/repo.go:182.85,183.41 1 0
redditclone/pkg/posts/repo.go:203.2,203.23 1 0
redditclone/pkg/posts/repo.go:183.41,184.25 1 0
redditclone/pkg/posts/repo.go:184.25,185.41 1 0
redditclone/pkg/posts/repo.go:195.4,200.20 4 0
redditclone/pkg/posts/repo.go:185.41,186.51 1 0
redditclone/pkg/posts/repo.go:189.5,189.50 1 0
redditclone/pkg/posts/repo.go:186.51,188.6 1 0
redditclone/pkg/posts/repo.go:189.50,193.6 3 0
redditclone/pkg/posts/repo.go:206.83,210.39 3 0
redditclone/pkg/posts/repo.go:225.2,226.71 2 0
redditclone/pkg/posts/repo.go:229.2,235.42 5 0
redditclone/pkg/posts/repo.go:210.39,211.25 1 0
redditclone/pkg/posts/repo.go:211.25,213.43 2 0
redditclone/pkg/posts/repo.go:213.43,214.31 1 0
redditclone/pkg/posts/repo.go:214.31,219.16 3 0
redditclone/pkg/posts/repo.go:226.71,228.3 1 0
redditclone/pkg/posts/comment_mongo_repo.go:24.114,30.2 1 1
redditclone/pkg/posts/comment_mongo_repo.go:32.75,35.29 3 1
redditclone/pkg/posts/comment_mongo_repo.go:39.2,42.33 3 1
redditclone/pkg/posts/comment_mongo_repo.go:49.2,49.20 1 1
redditclone/pkg/posts/comment_mongo_repo.go:35.29,38.3 2 1
redditclone/pkg/posts/comment_mongo_repo.go:42.33,45.3 2 0
redditclone/pkg/posts/comment_mongo_repo.go:45.8,45.23 1 1
redditclone/pkg/posts/comment_mongo_repo.go:45.23,47.3 1 0
redditclone/pkg/posts/comment_mongo_repo.go:52.80,55.16 2 1
redditclone/pkg/posts/comment_mongo_repo.go:60.2,60.27 1 1
redditclone/pkg/posts/comment_mongo_repo.go:55.16,58.3 2 1
redditclone/pkg/posts/comment_mongo_repo.go:63.105,75.16 4 1
redditclone/pkg/posts/comment_mongo_repo.go:80.2,90.39 5 1
redditclone/pkg/posts/comment_mongo_repo.go:97.2,97.24 1 1
redditclone/pkg/posts/comment_mongo_repo.go:75.16,78.3 2 1
redditclone/pkg/posts/comment_mongo_repo.go:90.39,93.3 2 0
redditclone/pkg/posts/comment_mongo_repo.go:93.8,93.29 1 1
redditclone/pkg/posts/comment_mongo_repo.go:93.29,95.3 1 0
redditclone/pkg/posts/comment_mongo_repo.go:100.86,102.16 2 1
redditclone/pkg/posts/comment_mongo_repo.go:106.2,109.37 3 1
redditclone/pkg/posts/comment_mongo_repo.go:115.2,115.32 1 1
redditclone/pkg/posts/comment_mongo_repo.go:118.2,132.39 7 1
redditclone/pkg/posts/comment_mongo_repo.go:139.2,139.18 1 1
redditclone/pkg/posts/comment_mongo_repo.go:102.16,105.3 2 1
redditclone/pkg/posts/comment_mongo_repo.go:109.37,110.31 1 1
redditclone/pkg/posts/comment_mongo_repo.go:110.31,112.4 1 1
redditclone/pkg/posts/comment_mongo_repo.go:115.32,117.3 1 1
redditclone/pkg/posts/comment_mongo_repo.go:132.39,135.3 2 0
redditclone/pkg/posts/comment_mongo_repo.go:135.8,135.29 1 1
redditclone/pkg/posts/comment_mongo_repo.go:135.29,137.3 1 0
redditclone/pkg/posts/comment_repo_mock.go:26.67,30.2 3 1
redditclone/pkg/posts/comment_repo_mock.go:33.65,35.2 1 1
redditclone/pkg/posts/comment_repo_mock.go:38.88,44.2 5 1
redditclone/pkg/posts/comment_repo_mock.go:47.90,50.2 2 1
redditclone/pkg/posts/comment_repo_mock.go:53.76,59.2 5 1
redditclone/pkg/posts/comment_repo_mock.go:62.93,65.2 2 1
redditclone/pkg/posts/comment_repo_mock.go:68.70,74.2 5 1
redditclone/pkg/posts/comment_repo_mock.go:77.81,80.2 2 1
redditclone/pkg/posts/posts_mongo_repo.go:22.49,24.21 2 0
redditclone/pkg/posts/posts_mongo_repo.go:27.2,29.16 3 0
redditclone/pkg/posts/posts_mongo_repo.go:33.2,34.21 2 0
redditclone/pkg/posts/posts_mongo_repo.go:39.2,40.73 2 0
redditclone/pkg/posts/posts_mongo_repo.go:24.21,25.18 1 0
redditclone/pkg/posts/posts_mongo_repo.go:29.16,31.3 1 0
redditclone/pkg/posts/posts_mongo_repo.go:34.21,35.18 1 0
redditclone/pkg/posts/posts_mongo_repo.go:43.61,45.16 2 1
redditclone/pkg/posts/posts_mongo_repo.go:50.2,55.20 5 1
redditclone/pkg/posts/posts_mongo_repo.go:64.2,64.34 1 1
redditclone/pkg/posts/posts_mongo_repo.go:68.2,68.22 1 1
redditclone/pkg/posts/posts_mongo_repo.go:45.16,48.3 2 1
redditclone/pkg/posts/posts_mongo_repo.go:55.20,58.17 3 1
redditclone/pkg/posts/posts_mongo_repo.go:62.3,62.39 1 1
redditclone/pkg/posts/posts_mongo_repo.go:58.17,61.4 2 0
redditclone/pkg/posts/posts_mongo_repo.go:64.34,66.3 1 0
redditclone/pkg/posts/posts_mongo_repo.go:71.69,74.29 3 1
redditclone/pkg/posts/posts_mongo_repo.go:78.2,80.33 3 1
redditclone/pkg/posts/posts_mongo_repo.go:87.2,87.20 1 1
redditclone/pkg/posts/posts_mongo_repo.go:74.29,77.3 2 1
redditclone/pkg/posts/posts_mongo_repo.go:80.33,83.3 2 0
redditclone/pkg/posts/posts_mongo_repo.go:83.8,83.23 1 1
redditclone/pkg/posts/posts_mongo_repo.go:83.23,85.3 1 0
redditclone/pkg/posts/posts_mongo_repo.go:90.69,108.16 3 1
redditclone/pkg/posts/posts_mongo_repo.go:113.2,113.58 1 1
redditclone/pkg/posts/posts_mongo_repo.go:108.16,111.3 2 1
redditclone/pkg/posts/posts_mongo_repo.go:113.58,120.40 5 1
redditclone/pkg/posts/posts_mongo_repo.go:126.3,126.22 1 1
redditclone/pkg/posts/posts_mongo_repo.go:120.40,123.4 2 0
redditclone/pkg/posts/posts_mongo_repo.go:123.9,123.30 1 1
redditclone/pkg/posts/posts_mongo_repo.go:123.30,125.4 1 0
redditclone/pkg/posts/posts_mongo_repo.go:127.8,129.3 1 0
redditclone/pkg/posts/posts_mongo_repo.go:132.67,134.29 2 1
redditclone/pkg/posts/posts_mongo_repo.go:138.2,141.16 3 1
redditclone/pkg/posts/posts_mongo_repo.go:145.2,145.18 1 1
redditclone/pkg/posts/posts_mongo_repo.go:134.29,137.3 2 1
redditclone/pkg/posts/posts_mongo_repo.go:141.16,144.3 2 1
redditclone/pkg/posts/posts_mongo_repo.go:148.81,163.16 3 1
redditclone/pkg/posts/posts_mongo_repo.go:168.2,173.20 5 1
redditclone/pkg/posts/posts_mongo_repo.go:182.2,182.34 1 1
redditclone/pkg/posts/posts_mongo_repo.go:185.2,185.22 1 1
redditclone/pkg/posts/posts_mongo_repo.go:163.16,166.3 2 1
redditclone/pkg/posts/posts_mongo_repo.go:173.20,176.17 3 1
redditclone/pkg/posts/posts_mongo_repo.go:180.3,180.39 1 1
redditclone/pkg/posts/posts_mongo_repo.go:176.17,179.4 2 0
redditclone/pkg/posts/posts_mongo_repo.go:182.34,184.3 1 0
redditclone/pkg/posts/posts_mongo_repo.go:188.86,193.16 3 1
redditclone/pkg/posts/posts_mongo_repo.go:198.2,203.20 5 1
redditclone/pkg/posts/posts_mongo_repo.go:212.2,212.34 1 1
redditclone/pkg/posts/posts_mongo_repo.go:215.2,215.22 1 1
redditclone/pkg/posts/posts_mongo_repo.go:193.16,196.3 2 1
redditclone/pkg/posts/posts_mongo_repo.go:203.20,206.17 3 1
redditclone/pkg/posts/posts_mongo_repo.go:210.3,210.39 1 1
redditclone/pkg/posts/posts_mongo_repo.go:206.17,209.4 2 0
redditclone/pkg/posts/posts_mongo_repo.go:212.34,214.3 1 0
redditclone/pkg/posts/posts_mongo_repo.go:218.90,222.29 3 1
redditclone/pkg/posts/posts_mongo_repo.go:227.2,229.33 3 1
redditclone/pkg/posts/posts_mongo_repo.go:236.2,236.41 1 1
redditclone/pkg/posts/posts_mongo_repo.go:247.2,260.39 6 1
redditclone/pkg/posts/posts_mongo_repo.go:267.2,267.20 1 1
redditclone/pkg/posts/posts_mongo_repo.go:222.29,225.3 2 1
redditclone/pkg/posts/posts_mongo_repo.go:229.33,232.3 2 0
redditclone/pkg/posts/posts_mongo_repo.go:232.8,232.23 1 1
redditclone/pkg/posts/posts_mongo_repo.go:232.23,234.3 1 0
redditclone/pkg/posts/posts_mongo_repo.go:236.41,237.48 1 1
redditclone/pkg/posts/posts_mongo_repo.go:240.3,240.49 1 1
redditclone/pkg/posts/posts_mongo_repo.go:237.48,239.4 1 1
redditclone/pkg/posts/posts_mongo_repo.go:240.49,244.4 3 1
redditclone/pkg/posts/posts_mongo_repo.go:260.39,263.3 2 0
redditclone/pkg/posts/posts_mongo_repo.go:263.8,263.29 1 1
redditclone/pkg/posts/posts_mongo_repo.go:263.29,265.3 1 0
redditclone/pkg/posts/posts_mongo_repo.go:270.92,274.29 3 1
redditclone/pkg/posts/posts_mongo_repo.go:279.2,281.33 3 1
redditclone/pkg/posts/posts_mongo_repo.go:288.2,288.41 1 1
redditclone/pkg/posts/posts_mongo_repo.go:299.2,312.39 6 1
redditclone/pkg/posts/posts_mongo_repo.go:319.2,319.20 1 1
redditclone/pkg/posts/posts_mongo_repo.go:274.29,277.3 2 1
redditclone/pkg/posts/posts_mongo_repo.go:281.33,284.3 2 0
redditclone/pkg/posts/posts_mongo_repo.go:284.8,284.23 1 1
redditclone/pkg/posts/posts_mongo_repo.go:284.23,286.3 1 0
redditclone/pkg/posts/posts_mongo_repo.go:288.41,289.49 1 1
redditclone/pkg/posts/posts_mongo_repo.go:292.3,292.48 1 1
redditclone/pkg/posts/posts_mongo_repo.go:289.49,291.4 1 1
redditclone/pkg/posts/posts_mongo_repo.go:292.48,296.4 3 1
redditclone/pkg/posts/posts_mongo_repo.go:312.39,315.3 2 0
redditclone/pkg/posts/posts_mongo_repo.go:315.8,315.29 1 1
redditclone/pkg/posts/posts_mongo_repo.go:315.29,317.3 1 0
redditclone/pkg/posts/posts_mongo_repo.go:323.90,327.29 3 1
redditclone/pkg/posts/posts_mongo_repo.go:332.2,334.33 3 1
redditclone/pkg/posts/posts_mongo_repo.go:341.2,343.43 3 1
redditclone/pkg/posts/posts_mongo_repo.go:350.2,350.20 1 1
redditclone/pkg/posts/posts_mongo_repo.go:354.2,356.40 2 1
redditclone/pkg/posts/posts_mongo_repo.go:359.2,374.39 6 1
redditclone/pkg/posts/posts_mongo_repo.go:381.2,381.20 1 1
redditclone/pkg/posts/posts_mongo_repo.go:327.29,330.3 2 1
redditclone/pkg/posts/posts_mongo_repo.go:334.33,337.3 2 0
redditclone/pkg/posts/posts_mongo_repo.go:337.8,337.23 1 1
redditclone/pkg/posts/posts_mongo_repo.go:337.23,339.3 1 0
redditclone/pkg/posts/posts_mongo_repo.go:343.43,344.29 1 1
redditclone/pkg/posts/posts_mongo_repo.go:344.29,347.9 3 1
redditclone/pkg/posts/posts_mongo_repo.go:350.20,352.3 1 0
redditclone/pkg/posts/posts_mongo_repo.go:356.40,358.3 1 1
redditclone/pkg/posts/posts_mongo_repo.go:374.39,377.3 2 0
redditclone/pkg/posts/posts_mongo_repo.go:377.8,377.29 1 1
redditclone/pkg/posts/posts_mongo_repo.go:377.29,379.3 1 0
redditclone/pkg/posts/posts_repo_mock.go:25.61,29.2 3 1
redditclone/pkg/posts/posts_repo_mock.go:32.59,34.2 1 1
redditclone/pkg/posts/posts_repo_mock.go:37.58,43.2 5 1
redditclone/pkg/posts/posts_repo_mock.go:46.72,49.2 2 1
redditclone/pkg/posts/posts_repo_mock.go:52.61,58.2 5 1
redditclone/pkg/posts/posts_repo_mock.go:61.78,64.2 2 1
redditclone/pkg/posts/posts_repo_mock.go:67.74,73.2 5 1
redditclone/pkg/posts/posts_repo_mock.go:76.90,79.2 2 1
redditclone/pkg/posts/posts_repo_mock.go:82.50,88.2 5 1
redditclone/pkg/posts/posts_repo_mock.go:91.59,94.2 2 1
redditclone/pkg/posts/posts_repo_mock.go:97.75,103.2 5 1
redditclone/pkg/posts/posts_repo_mock.go:106.89,109.2 2 1
redditclone/pkg/posts/posts_repo_mock.go:112.63,118.2 5 1
redditclone/pkg/posts/posts_repo_mock.go:121.79,124.2 2 1
redditclone/pkg/posts/posts_repo_mock.go:127.70,133.2 5 1
redditclone/pkg/posts/posts_repo_mock.go:136.84,139.2 2 1
redditclone/pkg/posts/posts_repo_mock.go:142.72,148.2 5 1
redditclone/pkg/posts/posts_repo_mock.go:151.88,154.2 2 1
redditclone/pkg/posts/posts_repo_mock.go:157.72,163.2 5 1
redditclone/pkg/posts/posts_repo_mock.go:166.88,169.2 2 1
redditclone/pkg/user/repo.go:21.44,33.2 1 0
redditclone/pkg/user/repo.go:35.80,37.9 2 0
redditclone/pkg/user/repo.go:41.2,41.24 1 0
redditclone/pkg/user/repo.go:45.2,45.15 1 0
redditclone/pkg/user/repo.go:37.9,39.3 1 0
redditclone/pkg/user/repo.go:41.24,43.3 1 0
redditclone/pkg/user/repo.go:48.79,50.8 2 0
redditclone/pkg/user/repo.go:54.2,64.21 6 0
redditclone/pkg/user/repo.go:50.8,52.3 1 0
redditclone/pkg/user/user_repo_mock.go:25.61,29.2 3 1
redditclone/pkg/user/user_repo_mock.go:32.59,34.2 1 1
redditclone/pkg/user/user_repo_mock.go:37.69,43.2 5 1
redditclone/pkg/user/user_repo_mock.go:46.85,49.2 2 1
redditclone/pkg/user/user_repo_mock.go:52.68,58.2 5 1
redditclone/pkg/user/user_repo_mock.go:61.84,64.2 2 1
redditclone/pkg/handlers/posts.go:22.72,26.16 3 1
redditclone/pkg/handlers/posts.go:31.2,33.27 3 1
redditclone/pkg/handlers/posts.go:39.2,40.20 2 1
redditclone/pkg/handlers/posts.go:45.2,48.19 3 1
redditclone/pkg/handlers/posts.go:54.2,55.24 2 1
redditclone/pkg/handlers/posts.go:61.2,61.15 1 1
redditclone/pkg/handlers/posts.go:26.16,29.3 2 0
redditclone/pkg/handlers/posts.go:33.27,37.3 3 1
redditclone/pkg/handlers/posts.go:40.20,44.3 3 0
redditclone/pkg/handlers/posts.go:48.19,52.3 3 1
redditclone/pkg/handlers/posts.go:55.24,59.3 3 0
redditclone/pkg/handlers/posts.go:64.72,68.9 3 1
redditclone/pkg/handlers/posts.go:74.2,75.20 2 1
redditclone/pkg/handlers/posts.go:81.2,84.24 3 1
redditclone/pkg/handlers/posts.go:90.2,90.15 1 1
redditclone/pkg/handlers/posts.go:68.9,72.3 3 1
redditclone/pkg/handlers/posts.go:75.20,79.3 3 1
redditclone/pkg/handlers/posts.go:84.24,88.3 3 0
redditclone/pkg/handlers/posts.go:93.75,97.9 3 1
redditclone/pkg/handlers/posts.go:103.2,104.20 2 1
redditclone/pkg/handlers/posts.go:110.2,113.16 3 1
redditclone/pkg/handlers/posts.go:118.2,121.27 3 1
redditclone/pkg/handlers/posts.go:126.2,126.28 1 1
redditclone/pkg/handlers/posts.go:131.2,132.19 2 1
redditclone/pkg/handlers/posts.go:138.2,139.20 2 1
redditclone/pkg/handlers/posts.go:145.2,146.24 2 1
redditclone/pkg/handlers/posts.go:152.2,152.15 1 1
redditclone/pkg/handlers/posts.go:97.9,101.3 3 1
redditclone/pkg/handlers/posts.go:104.20,108.3 3 1
redditclone/pkg/handlers/posts.go:113.16,116.3 2 0
redditclone/pkg/handlers/posts.go:121.27,124.3 2 0
redditclone/pkg/handlers/posts.go:126.28,129.3 2 1
redditclone/pkg/handlers/posts.go:132.19,136.3 3 1
redditclone/pkg/handlers/posts.go:139.20,143.3 3 1
redditclone/pkg/handlers/posts.go:146.24,150.3 3 0
redditclone/pkg/handlers/posts.go:155.78,159.9 3 1
redditclone/pkg/handlers/posts.go:164.2,165.9 2 1
redditclone/pkg/handlers/posts.go:171.2,172.23 2 1
redditclone/pkg/handlers/posts.go:178.2,179.20 2 1
redditclone/pkg/handlers/posts.go:185.2,186.22 2 1
redditclone/pkg/handlers/posts.go:191.2,194.24 3 1
redditclone/pkg/handlers/posts.go:200.2,200.15 1 1
redditclone/pkg/handlers/posts.go:159.9,163.3 3 1
redditclone/pkg/handlers/posts.go:165.9,169.3 3 1
redditclone/pkg/handlers/posts.go:172.23,176.3 3 1
redditclone/pkg/handlers/posts.go:179.20,183.3 3 1
redditclone/pkg/handlers/posts.go:186.22,190.3 3 1
redditclone/pkg/handlers/posts.go:194.24,198.3 3 0
redditclone/pkg/handlers/posts.go:203.71,207.9 3 1
redditclone/pkg/handlers/posts.go:213.2,214.20 2 1
redditclone/pkg/handlers/posts.go:220.2,221.29 2 1
redditclone/pkg/handlers/posts.go:226.2,226.16 1 1
redditclone/pkg/handlers/posts.go:232.2,233.24 2 1
redditclone/pkg/handlers/posts.go:239.2,239.15 1 1
redditclone/pkg/handlers/posts.go:207.9,211.3 3 1
redditclone/pkg/handlers/posts.go:214.20,218.3 3 1
redditclone/pkg/handlers/posts.go:221.29,225.3 3 1
redditclone/pkg/handlers/posts.go:226.16,230.3 3 1
redditclone/pkg/handlers/posts.go:233.24,237.3 3 0
redditclone/pkg/handlers/posts.go:242.73,246.9 3 1
redditclone/pkg/handlers/posts.go:252.2,253.20 2 1
redditclone/pkg/handlers/posts.go:259.2,260.29 2 1
redditclone/pkg/handlers/posts.go:265.2,265.16 1 1
redditclone/pkg/handlers/posts.go:271.2,272.24 2 1
redditclone/pkg/handlers/posts.go:278.2,278.15 1 1
redditclone/pkg/handlers/posts.go:246.9,250.3 3 1
redditclone/pkg/handlers/posts.go:253.20,257.3 3 1
redditclone/pkg/handlers/posts.go:260.29,264.3 3 1
redditclone/pkg/handlers/posts.go:265.16,269.3 3 1
redditclone/pkg/handlers/posts.go:272.24,276.3 3 0
redditclone/pkg/handlers/posts.go:281.75,285.9 3 1
redditclone/pkg/handlers/posts.go:291.2,292.19 2 1
redditclone/pkg/handlers/posts.go:298.2,299.19 2 1
redditclone/pkg/handlers/posts.go:305.2,305.23 1 1
redditclone/pkg/handlers/posts.go:285.9,289.3 3 1
redditclone/pkg/handlers/posts.go:292.19,296.3 3 1
redditclone/pkg/handlers/posts.go:299.19,303.3 3 0
redditclone/pkg/handlers/posts.go:308.71,311.23 2 1
redditclone/pkg/handlers/posts.go:317.2,318.24 2 1
redditclone/pkg/handlers/posts.go:324.2,324.15 1 1
redditclone/pkg/handlers/posts.go:311.23,315.3 3 1
redditclone/pkg/handlers/posts.go:318.24,322.3 3 0
redditclone/pkg/handlers/posts.go:327.78,330.9 3 1
redditclone/pkg/handlers/posts.go:336.2,337.23 2 1
redditclone/pkg/handlers/posts.go:343.2,344.24 2 1
redditclone/pkg/handlers/posts.go:350.2,350.15 1 1
redditclone/pkg/handlers/posts.go:330.9,334.3 3 1
redditclone/pkg/handlers/posts.go:337.23,341.3 3 1
redditclone/pkg/handlers/posts.go:344.24,348.3 3 0
redditclone/pkg/handlers/posts.go:353.77,356.9 3 1
redditclone/pkg/handlers/posts.go:362.2,363.23 2 1
redditclone/pkg/handlers/posts.go:369.2,370.24 2 1
redditclone/pkg/handlers/posts.go:376.2,376.15 1 1
redditclone/pkg/handlers/posts.go:356.9,360.3 3 1
redditclone/pkg/handlers/posts.go:363.23,367.3 3 1
redditclone/pkg/handlers/posts.go:370.24,374.3 3 0
redditclone/pkg/handlers/posts.go:379.71,383.9 3 1
redditclone/pkg/handlers/posts.go:389.2,390.20 2 1
redditclone/pkg/handlers/posts.go:396.2,397.20 2 1
redditclone/pkg/handlers/posts.go:403.2,404.24 2 1
redditclone/pkg/handlers/posts.go:410.2,410.15 1 1
redditclone/pkg/handlers/posts.go:383.9,387.3 3 1
redditclone/pkg/handlers/posts.go:390.20,394.3 3 1
redditclone/pkg/handlers/posts.go:397.20,401.3 3 1
redditclone/pkg/handlers/posts.go:404.24,408.3 3 0
