mode: set
redditclone/pkg/posts/comment_repo_mock.go:26.67,30.2 3 1
redditclone/pkg/posts/comment_repo_mock.go:33.65,35.2 1 0
redditclone/pkg/posts/comment_repo_mock.go:38.88,44.2 5 0
redditclone/pkg/posts/comment_repo_mock.go:47.90,50.2 2 0
redditclone/pkg/posts/comment_repo_mock.go:53.76,59.2 5 0
redditclone/pkg/posts/comment_repo_mock.go:62.93,65.2 2 0
redditclone/pkg/posts/comment_repo_mock.go:68.70,74.2 5 0
redditclone/pkg/posts/comment_repo_mock.go:77.81,80.2 2 0
redditclone/pkg/posts/posts_mongo_repo.go:22.49,24.21 2 0
redditclone/pkg/posts/posts_mongo_repo.go:27.2,29.16 3 0
redditclone/pkg/posts/posts_mongo_repo.go:33.2,34.21 2 0
redditclone/pkg/posts/posts_mongo_repo.go:39.2,40.73 2 0
redditclone/pkg/posts/posts_mongo_repo.go:24.21,25.18 1 0
redditclone/pkg/posts/posts_mongo_repo.go:29.16,31.3 1 0
redditclone/pkg/posts/posts_mongo_repo.go:34.21,35.18 1 0
redditclone/pkg/posts/posts_mongo_repo.go:43.61,45.16 2 1
redditclone/pkg/posts/posts_mongo_repo.go:50.2,55.20 5 1
redditclone/pkg/posts/posts_mongo_repo.go:64.2,64.34 1 1
redditclone/pkg/posts/posts_mongo_repo.go:68.2,68.22 1 1
redditclone/pkg/posts/posts_mongo_repo.go:45.16,48.3 2 1
redditclone/pkg/posts/posts_mongo_repo.go:55.20,58.17 3 1
redditclone/pkg/posts/posts_mongo_repo.go:62.3,62.39 1 1
redditclone/pkg/posts/posts_mongo_repo.go:58.17,61.4 2 0
redditclone/pkg/posts/posts_mongo_repo.go:64.34,66.3 1 0
redditclone/pkg/posts/posts_mongo_repo.go:71.69,74.29 3 1
redditclone/pkg/posts/posts_mongo_repo.go:78.2,80.33 3 1
redditclone/pkg/posts/posts_mongo_repo.go:87.2,87.20 1 1
redditclone/pkg/posts/posts_mongo_repo.go:74.29,77.3 2 1
redditclone/pkg/posts/posts_mongo_repo.go:80.33,83.3 2 0
redditclone/pkg/posts/posts_mongo_repo.go:83.8,83.23 1 1
redditclone/pkg/posts/posts_mongo_repo.go:83.23,85.3 1 0
redditclone/pkg/posts/posts_mongo_repo.go:90.69,108.16 3 0
redditclone/pkg/posts/posts_mongo_repo.go:113.2,113.58 1 0
redditclone/pkg/posts/posts_mongo_repo.go:108.16,111.3 2 0
redditclone/pkg/posts/posts_mongo_repo.go:113.58,120.40 5 0
redditclone/pkg/posts/posts_mongo_repo.go:126.3,126.22 1 0
redditclone/pkg/posts/posts_mongo_repo.go:120.40,123.4 2 0
redditclone/pkg/posts/posts_mongo_repo.go:123.9,123.30 1 0
redditclone/pkg/posts/posts_mongo_repo.go:123.30,125.4 1 0
redditclone/pkg/posts/posts_mongo_repo.go:127.8,129.3 1 0
redditclone/pkg/posts/posts_mongo_repo.go:132.67,134.29 2 1
redditclone/pkg/posts/posts_mongo_repo.go:138.2,141.16 3 1
redditclone/pkg/posts/posts_mongo_repo.go:145.2,145.18 1 1
redditclone/pkg/posts/posts_mongo_repo.go:134.29,137.3 2 1
redditclone/pkg/posts/posts_mongo_repo.go:141.16,144.3 2 1
redditclone/pkg/posts/posts_mongo_repo.go:148.81,163.16 3 1
redditclone/pkg/posts/posts_mongo_repo.go:168.2,173.20 5 1
redditclone/pkg/posts/posts_mongo_repo.go:182.2,182.34 1 1
redditclone/pkg/posts/posts_mongo_repo.go:185.2,185.22 1 1
redditclone/pkg/posts/posts_mongo_repo.go:163.16,166.3 2 1
redditclone/pkg/posts/posts_mongo_repo.go:173.20,176.17 3 1
redditclone/pkg/posts/posts_mongo_repo.go:180.3,180.39 1 1
redditclone/pkg/posts/posts_mongo_repo.go:176.17,179.4 2 0
redditclone/pkg/posts/posts_mongo_repo.go:182.34,184.3 1 0
redditclone/pkg/posts/posts_mongo_repo.go:188.86,193.16 3 1
redditclone/pkg/posts/posts_mongo_repo.go:198.2,203.20 5 1
redditclone/pkg/posts/posts_mongo_repo.go:212.2,212.34 1 1
redditclone/pkg/posts/posts_mongo_repo.go:215.2,215.22 1 1
redditclone/pkg/posts/posts_mongo_repo.go:193.16,196.3 2 1
redditclone/pkg/posts/posts_mongo_repo.go:203.20,206.17 3 1
redditclone/pkg/posts/posts_mongo_repo.go:210.3,210.39 1 1
redditclone/pkg/posts/posts_mongo_repo.go:206.17,209.4 2 0
redditclone/pkg/posts/posts_mongo_repo.go:212.34,214.3 1 0
redditclone/pkg/posts/posts_mongo_repo.go:218.90,222.29 3 1
redditclone/pkg/posts/posts_mongo_repo.go:227.2,229.33 3 1
redditclone/pkg/posts/posts_mongo_repo.go:236.2,236.41 1 1
redditclone/pkg/posts/posts_mongo_repo.go:247.2,260.39 6 1
redditclone/pkg/posts/posts_mongo_repo.go:267.2,267.20 1 1
redditclone/pkg/posts/posts_mongo_repo.go:222.29,225.3 2 1
redditclone/pkg/posts/posts_mongo_repo.go:229.33,232.3 2 0
redditclone/pkg/posts/posts_mongo_repo.go:232.8,232.23 1 1
redditclone/pkg/posts/posts_mongo_repo.go:232.23,234.3 1 0
redditclone/pkg/posts/posts_mongo_repo.go:236.41,237.48 1 1
redditclone/pkg/posts/posts_mongo_repo.go:240.3,240.49 1 1
redditclone/pkg/posts/posts_mongo_repo.go:237.48,239.4 1 1
redditclone/pkg/posts/posts_mongo_repo.go:240.49,244.4 3 1
redditclone/pkg/posts/posts_mongo_repo.go:260.39,263.3 2 0
redditclone/pkg/posts/posts_mongo_repo.go:263.8,263.29 1 1
redditclone/pkg/posts/posts_mongo_repo.go:263.29,265.3 1 0
redditclone/pkg/posts/posts_mongo_repo.go:270.92,274.29 3 1
redditclone/pkg/posts/posts_mongo_repo.go:279.2,281.33 3 1
redditclone/pkg/posts/posts_mongo_repo.go:288.2,288.41 1 1
redditclone/pkg/posts/posts_mongo_repo.go:299.2,312.39 6 1
redditclone/pkg/posts/posts_mongo_repo.go:319.2,319.20 1 1
redditclone/pkg/posts/posts_mongo_repo.go:274.29,277.3 2 1
redditclone/pkg/posts/posts_mongo_repo.go:281.33,284.3 2 0
redditclone/pkg/posts/posts_mongo_repo.go:284.8,284.23 1 1
redditclone/pkg/posts/posts_mongo_repo.go:284.23,286.3 1 0
redditclone/pkg/posts/posts_mongo_repo.go:288.41,289.49 1 1
redditclone/pkg/posts/posts_mongo_repo.go:292.3,292.48 1 1
redditclone/pkg/posts/posts_mongo_repo.go:289.49,291.4 1 1
redditclone/pkg/posts/posts_mongo_repo.go:292.48,296.4 3 1
redditclone/pkg/posts/posts_mongo_repo.go:312.39,315.3 2 0
redditclone/pkg/posts/posts_mongo_repo.go:315.8,315.29 1 1
redditclone/pkg/posts/posts_mongo_repo.go:315.29,317.3 1 0
redditclone/pkg/posts/posts_mongo_repo.go:323.90,327.29 3 1
redditclone/pkg/posts/posts_mongo_repo.go:332.2,334.33 3 1
redditclone/pkg/posts/posts_mongo_repo.go:341.2,343.43 3 1
redditclone/pkg/posts/posts_mongo_repo.go:350.2,350.20 1 1
redditclone/pkg/posts/posts_mongo_repo.go:354.2,356.40 2 1
redditclone/pkg/posts/posts_mongo_repo.go:359.2,374.39 6 1
redditclone/pkg/posts/posts_mongo_repo.go:381.2,381.20 1 1
redditclone/pkg/posts/posts_mongo_repo.go:327.29,330.3 2 1
redditclone/pkg/posts/posts_mongo_repo.go:334.33,337.3 2 0
redditclone/pkg/posts/posts_mongo_repo.go:337.8,337.23 1 1
redditclone/pkg/posts/posts_mongo_repo.go:337.23,339.3 1 0
redditclone/pkg/posts/posts_mongo_repo.go:343.43,344.29 1 1
redditclone/pkg/posts/posts_mongo_repo.go:344.29,347.9 3 1
redditclone/pkg/posts/posts_mongo_repo.go:350.20,352.3 1 0
redditclone/pkg/posts/posts_mongo_repo.go:356.40,358.3 1 0
redditclone/pkg/posts/posts_mongo_repo.go:374.39,377.3 2 0
redditclone/pkg/posts/posts_mongo_repo.go:377.8,377.29 1 1
redditclone/pkg/posts/posts_mongo_repo.go:377.29,379.3 1 0
redditclone/pkg/posts/repo.go:32.44,38.2 1 0
redditclone/pkg/posts/repo.go:40.61,42.2 1 0
redditclone/pkg/posts/repo.go:44.69,45.33 1 0
redditclone/pkg/posts/repo.go:50.2,50.23 1 0
redditclone/pkg/posts/repo.go:45.33,46.20 1 0
redditclone/pkg/posts/repo.go:46.20,48.4 1 0
redditclone/pkg/posts/repo.go:53.81,55.33 2 0
redditclone/pkg/posts/repo.go:61.2,61.22 1 0
redditclone/pkg/posts/repo.go:65.2,65.20 1 0
redditclone/pkg/posts/repo.go:55.33,56.41 1 0
redditclone/pkg/posts/repo.go:56.41,58.4 1 0
redditclone/pkg/posts/repo.go:61.22,63.3 1 0
redditclone/pkg/posts/repo.go:68.69,92.2 6 0
redditclone/pkg/posts/repo.go:94.67,96.35 2 0
redditclone/pkg/posts/repo.go:102.2,102.11 1 0
redditclone/pkg/posts/repo.go:106.2,107.26 2 0
redditclone/pkg/posts/repo.go:110.2,114.18 4 0
redditclone/pkg/posts/repo.go:96.35,97.20 1 0
redditclone/pkg/posts/repo.go:97.20,99.9 2 0
redditclone/pkg/posts/repo.go:102.11,104.3 1 0
redditclone/pkg/posts/repo.go:107.26,109.3 1 0
redditclone/pkg/posts/repo.go:117.86,119.33 2 0
redditclone/pkg/posts/repo.go:125.2,125.22 1 0
redditclone/pkg/posts/repo.go:129.2,129.20 1 0
redditclone/pkg/posts/repo.go:119.33,120.32 1 0
redditclone/pkg/posts/repo.go:120.32,122.4 1 0
redditclone/pkg/posts/repo.go:125.22,127.3 1 0
redditclone/pkg/posts/repo.go:132.45,134.21 2 1
redditclone/pkg/posts/repo.go:137.2,139.30 3 1
redditclone/pkg/posts/repo.go:149.2,150.16 2 1
redditclone/pkg/posts/repo.go:154.2,154.15 1 1
redditclone/pkg/posts/repo.go:134.21,136.3 1 0
redditclone/pkg/posts/repo.go:139.30,140.22 1 1
redditclone/pkg/posts/repo.go:144.3,144.23 1 1
redditclone/pkg/posts/repo.go:140.22,142.4 1 1
redditclone/pkg/posts/repo.go:144.23,146.4 1 1
redditclone/pkg/posts/repo.go:150.16,152.3 1 0
redditclone/pkg/posts/repo.go:157.83,158.41 1 0
redditclone/pkg/posts/repo.go:179.2,179.23 1 0
redditclone/pkg/posts/repo.go:158.41,159.25 1 0
redditclone/pkg/posts/repo.go:159.25,160.41 1 0
redditclone/pkg/posts/repo.go:171.4,176.20 4 0
redditclone/pkg/posts/repo.go:160.41,161.50 1 0
redditclone/pkg/posts/repo.go:164.5,164.51 1 0
redditclone/pkg/posts/repo.go:161.50,163.6 1 0
redditclone/pkg/posts/repo.go:164.51,168.6 3 0
redditclone/pkg/posts/repo.go:182.85,183.41 1 0
redditclone/pkg/posts/repo.go:203.2,203.23 1 0
redditclone/pkg/posts/repo.go:183.41,184.25 1 0
redditclone/pkg/posts/repo.go:184.25,185.41 1 0
redditclone/pkg/posts/repo.go:195.4,200.20 4 0
redditclone/pkg/posts/repo.go:185.41,186.51 1 0
redditclone/pkg/posts/repo.go:189.5,189.50 1 0
redditclone/pkg/posts/repo.go:186.51,188.6 1 0
redditclone/pkg/posts/repo.go:189.50,193.6 3 0
redditclone/pkg/posts/repo.go:206.83,210.39 3 0
redditclone/pkg/posts/repo.go:225.2,226.71 2 0
redditclone/pkg/posts/repo.go:229.2,235.42 5 0
redditclone/pkg/posts/repo.go:210.39,211.25 1 0
redditclone/pkg/posts/repo.go:211.25,213.43 2 0
redditclone/pkg/posts/repo.go:213.43,214.31 1 0
redditclone/pkg/posts/repo.go:214.31,219.16 3 0
redditclone/pkg/posts/repo.go:226.71,228.3 1 0
redditclone/pkg/user/repo.go:21.44,33.2 1 0
redditclone/pkg/user/repo.go:35.80,37.9 2 0
redditclone/pkg/user/repo.go:41.2,41.24 1 0
redditclone/pkg/user/repo.go:45.2,45.15 1 0
redditclone/pkg/user/repo.go:37.9,39.3 1 0
redditclone/pkg/user/repo.go:41.24,43.3 1 0
redditclone/pkg/user/repo.go:48.79,50.8 2 0
redditclone/pkg/user/repo.go:54.2,64.21 6 0
redditclone/pkg/user/repo.go:50.8,52.3 1 0
redditclone/pkg/posts/comment_mongo_repo.go:24.114,30.2 1 0
redditclone/pkg/posts/comment_mongo_repo.go:32.75,35.29 3 0
redditclone/pkg/posts/comment_mongo_repo.go:39.2,41.33 3 0
redditclone/pkg/posts/comment_mongo_repo.go:48.2,48.20 1 0
redditclone/pkg/posts/comment_mongo_repo.go:35.29,38.3 2 0
redditclone/pkg/posts/comment_mongo_repo.go:41.33,44.3 2 0
redditclone/pkg/posts/comment_mongo_repo.go:44.8,44.23 1 0
redditclone/pkg/posts/comment_mongo_repo.go:44.23,46.3 1 0
redditclone/pkg/posts/comment_mongo_repo.go:51.80,54.16 2 0
redditclone/pkg/posts/comment_mongo_repo.go:59.2,59.27 1 0
redditclone/pkg/posts/comment_mongo_repo.go:54.16,57.3 2 0
redditclone/pkg/posts/comment_mongo_repo.go:62.105,74.16 4 0
redditclone/pkg/posts/comment_mongo_repo.go:79.2,89.39 5 0
redditclone/pkg/posts/comment_mongo_repo.go:96.2,96.24 1 0
redditclone/pkg/posts/comment_mongo_repo.go:74.16,77.3 2 0
redditclone/pkg/posts/comment_mongo_repo.go:89.39,92.3 2 0
redditclone/pkg/posts/comment_mongo_repo.go:92.8,92.29 1 0
redditclone/pkg/posts/comment_mongo_repo.go:92.29,94.3 1 0
redditclone/pkg/posts/comment_mongo_repo.go:99.86,101.16 2 0
redditclone/pkg/posts/comment_mongo_repo.go:105.2,108.37 3 0
redditclone/pkg/posts/comment_mongo_repo.go:114.2,114.32 1 0
redditclone/pkg/posts/comment_mongo_repo.go:117.2,131.39 7 0
redditclone/pkg/posts/comment_mongo_repo.go:138.2,138.18 1 0
redditclone/pkg/posts/comment_mongo_repo.go:101.16,104.3 2 0
redditclone/pkg/posts/comment_mongo_repo.go:108.37,109.31 1 0
redditclone/pkg/posts/comment_mongo_repo.go:109.31,111.4 1 0
redditclone/pkg/posts/comment_mongo_repo.go:114.32,116.3 1 0
redditclone/pkg/posts/comment_mongo_repo.go:131.39,134.3 2 0
redditclone/pkg/posts/comment_mongo_repo.go:134.8,134.29 1 0
redditclone/pkg/posts/comment_mongo_repo.go:134.29,136.3 1 0
redditclone/pkg/user/user_repo_mock.go:25.61,29.2 3 0
redditclone/pkg/user/user_repo_mock.go:32.59,34.2 1 0
redditclone/pkg/user/user_repo_mock.go:37.69,43.2 5 0
redditclone/pkg/user/user_repo_mock.go:46.85,49.2 2 0
redditclone/pkg/user/user_repo_mock.go:52.68,58.2 5 0
redditclone/pkg/user/user_repo_mock.go:61.84,64.2 2 0
redditclone/pkg/posts/posts_repo_mock.go:25.61,29.2 3 1
redditclone/pkg/posts/posts_repo_mock.go:32.59,34.2 1 1
redditclone/pkg/posts/posts_repo_mock.go:37.58,43.2 5 0
redditclone/pkg/posts/posts_repo_mock.go:46.72,49.2 2 0
redditclone/pkg/posts/posts_repo_mock.go:52.61,58.2 5 0
redditclone/pkg/posts/posts_repo_mock.go:61.78,64.2 2 0
redditclone/pkg/posts/posts_repo_mock.go:67.74,73.2 5 0
redditclone/pkg/posts/posts_repo_mock.go:76.90,79.2 2 0
redditclone/pkg/posts/posts_repo_mock.go:82.50,88.2 5 1
redditclone/pkg/posts/posts_repo_mock.go:91.59,94.2 2 1
redditclone/pkg/posts/posts_repo_mock.go:97.75,103.2 5 1
redditclone/pkg/posts/posts_repo_mock.go:106.89,109.2 2 1
redditclone/pkg/posts/posts_repo_mock.go:112.63,118.2 5 1
redditclone/pkg/posts/posts_repo_mock.go:121.79,124.2 2 1
redditclone/pkg/posts/posts_repo_mock.go:127.70,133.2 5 1
redditclone/pkg/posts/posts_repo_mock.go:136.84,139.2 2 1
redditclone/pkg/posts/posts_repo_mock.go:142.72,148.2 5 0
redditclone/pkg/posts/posts_repo_mock.go:151.88,154.2 2 0
redditclone/pkg/posts/posts_repo_mock.go:157.72,163.2 5 0
redditclone/pkg/posts/posts_repo_mock.go:166.88,169.2 2 0
redditclone/pkg/handlers/posts.go:22.72,26.16 3 0
redditclone/pkg/handlers/posts.go:31.2,33.27 3 0
redditclone/pkg/handlers/posts.go:39.2,40.20 2 0
redditclone/pkg/handlers/posts.go:45.2,48.19 3 0
redditclone/pkg/handlers/posts.go:54.2,55.24 2 0
redditclone/pkg/handlers/posts.go:61.2,61.15 1 0
redditclone/pkg/handlers/posts.go:26.16,29.3 2 0
redditclone/pkg/handlers/posts.go:33.27,37.3 3 0
redditclone/pkg/handlers/posts.go:40.20,44.3 3 0
redditclone/pkg/handlers/posts.go:48.19,52.3 3 0
redditclone/pkg/handlers/posts.go:55.24,59.3 3 0
redditclone/pkg/handlers/posts.go:64.72,68.9 3 1
redditclone/pkg/handlers/posts.go:74.2,75.20 2 1
redditclone/pkg/handlers/posts.go:81.2,84.24 3 1
redditclone/pkg/handlers/posts.go:90.2,90.15 1 1
redditclone/pkg/handlers/posts.go:68.9,72.3 3 1
redditclone/pkg/handlers/posts.go:75.20,79.3 3 1
redditclone/pkg/handlers/posts.go:84.24,88.3 3 0
redditclone/pkg/handlers/posts.go:93.75,97.9 3 0
redditclone/pkg/handlers/posts.go:103.2,104.20 2 0
redditclone/pkg/handlers/posts.go:110.2,113.16 3 0
redditclone/pkg/handlers/posts.go:118.2,121.27 3 0
redditclone/pkg/handlers/posts.go:126.2,126.28 1 0
redditclone/pkg/handlers/posts.go:132.2,133.19 2 0
redditclone/pkg/handlers/posts.go:139.2,140.20 2 0
redditclone/pkg/handlers/posts.go:146.2,147.24 2 0
redditclone/pkg/handlers/posts.go:153.2,153.15 1 0
redditclone/pkg/handlers/posts.go:97.9,101.3 3 0
redditclone/pkg/handlers/posts.go:104.20,108.3 3 0
redditclone/pkg/handlers/posts.go:113.16,116.3 2 0
redditclone/pkg/handlers/posts.go:121.27,124.3 2 0
redditclone/pkg/handlers/posts.go:126.28,130.3 2 0
redditclone/pkg/handlers/posts.go:133.19,137.3 3 0
redditclone/pkg/handlers/posts.go:140.20,144.3 3 0
redditclone/pkg/handlers/posts.go:147.24,151.3 3 0
redditclone/pkg/handlers/posts.go:156.78,160.9 3 0
redditclone/pkg/handlers/posts.go:165.2,166.9 2 0
redditclone/pkg/handlers/posts.go:172.2,173.23 2 0
redditclone/pkg/handlers/posts.go:179.2,180.20 2 0
redditclone/pkg/handlers/posts.go:186.2,187.22 2 0
redditclone/pkg/handlers/posts.go:192.2,195.24 3 0
redditclone/pkg/handlers/posts.go:201.2,201.15 1 0
redditclone/pkg/handlers/posts.go:160.9,164.3 3 0
redditclone/pkg/handlers/posts.go:166.9,170.3 3 0
redditclone/pkg/handlers/posts.go:173.23,177.3 3 0
redditclone/pkg/handlers/posts.go:180.20,184.3 3 0
redditclone/pkg/handlers/posts.go:187.22,191.3 3 0
redditclone/pkg/handlers/posts.go:195.24,199.3 3 0
redditclone/pkg/handlers/posts.go:204.71,208.9 3 0
redditclone/pkg/handlers/posts.go:214.2,215.20 2 0
redditclone/pkg/handlers/posts.go:221.2,222.29 2 0
redditclone/pkg/handlers/posts.go:227.2,227.16 1 0
redditclone/pkg/handlers/posts.go:233.2,234.24 2 0
redditclone/pkg/handlers/posts.go:240.2,240.15 1 0
redditclone/pkg/handlers/posts.go:208.9,212.3 3 0
redditclone/pkg/handlers/posts.go:215.20,219.3 3 0
redditclone/pkg/handlers/posts.go:222.29,226.3 3 0
redditclone/pkg/handlers/posts.go:227.16,231.3 3 0
redditclone/pkg/handlers/posts.go:234.24,238.3 3 0
redditclone/pkg/handlers/posts.go:243.73,247.9 3 0
redditclone/pkg/handlers/posts.go:253.2,254.20 2 0
redditclone/pkg/handlers/posts.go:260.2,261.29 2 0
redditclone/pkg/handlers/posts.go:266.2,266.16 1 0
redditclone/pkg/handlers/posts.go:272.2,273.24 2 0
redditclone/pkg/handlers/posts.go:279.2,279.15 1 0
redditclone/pkg/handlers/posts.go:247.9,251.3 3 0
redditclone/pkg/handlers/posts.go:254.20,258.3 3 0
redditclone/pkg/handlers/posts.go:261.29,265.3 3 0
redditclone/pkg/handlers/posts.go:266.16,270.3 3 0
redditclone/pkg/handlers/posts.go:273.24,277.3 3 0
redditclone/pkg/handlers/posts.go:282.75,286.9 3 0
redditclone/pkg/handlers/posts.go:292.2,293.19 2 0
redditclone/pkg/handlers/posts.go:299.2,300.19 2 0
redditclone/pkg/handlers/posts.go:306.2,306.23 1 0
redditclone/pkg/handlers/posts.go:286.9,290.3 3 0
redditclone/pkg/handlers/posts.go:293.19,297.3 3 0
redditclone/pkg/handlers/posts.go:300.19,304.3 3 0
redditclone/pkg/handlers/posts.go:309.71,312.23 2 1
redditclone/pkg/handlers/posts.go:318.2,319.24 2 1
redditclone/pkg/handlers/posts.go:325.2,325.15 1 1
redditclone/pkg/handlers/posts.go:312.23,316.3 3 1
redditclone/pkg/handlers/posts.go:319.24,323.3 3 0
redditclone/pkg/handlers/posts.go:328.78,331.9 3 1
redditclone/pkg/handlers/posts.go:337.2,338.23 2 1
redditclone/pkg/handlers/posts.go:344.2,345.24 2 1
redditclone/pkg/handlers/posts.go:351.2,351.15 1 1
redditclone/pkg/handlers/posts.go:331.9,335.3 3 1
redditclone/pkg/handlers/posts.go:338.23,342.3 3 1
redditclone/pkg/handlers/posts.go:345.24,349.3 3 0
redditclone/pkg/handlers/posts.go:354.77,357.9 3 1
redditclone/pkg/handlers/posts.go:363.2,364.23 2 1
redditclone/pkg/handlers/posts.go:370.2,371.24 2 1
redditclone/pkg/handlers/posts.go:377.2,377.15 1 1
redditclone/pkg/handlers/posts.go:357.9,361.3 3 1
redditclone/pkg/handlers/posts.go:364.23,368.3 3 1
redditclone/pkg/handlers/posts.go:371.24,375.3 3 0
redditclone/pkg/handlers/posts.go:380.71,384.9 3 0
redditclone/pkg/handlers/posts.go:390.2,391.20 2 0
redditclone/pkg/handlers/posts.go:397.2,398.20 2 0
redditclone/pkg/handlers/posts.go:404.2,405.24 2 0
redditclone/pkg/handlers/posts.go:411.2,411.15 1 0
redditclone/pkg/handlers/posts.go:384.9,388.3 3 0
redditclone/pkg/handlers/posts.go:391.20,395.3 3 0
redditclone/pkg/handlers/posts.go:398.20,402.3 3 0
redditclone/pkg/handlers/posts.go:405.24,409.3 3 0
redditclone/pkg/handlers/user.go:21.61,25.16 3 0
redditclone/pkg/handlers/user.go:30.2,32.27 3 0
redditclone/pkg/handlers/user.go:36.2,36.21 1 0
redditclone/pkg/handlers/user.go:25.16,28.3 2 0
redditclone/pkg/handlers/user.go:32.27,35.3 2 0
redditclone/pkg/handlers/user.go:39.69,42.23 2 0
redditclone/pkg/handlers/user.go:48.2,49.27 2 0
redditclone/pkg/handlers/user.go:54.2,54.28 1 0
redditclone/pkg/handlers/user.go:59.2,59.16 1 0
redditclone/pkg/handlers/user.go:65.2,71.58 3 0
redditclone/pkg/handlers/user.go:42.23,46.3 3 0
redditclone/pkg/handlers/user.go:49.27,53.3 3 0
redditclone/pkg/handlers/user.go:54.28,58.3 3 0
redditclone/pkg/handlers/user.go:59.16,63.3 3 0
redditclone/pkg/handlers/user.go:74.72,77.23 2 0
redditclone/pkg/handlers/user.go:83.2,89.39 3 0
redditclone/pkg/handlers/user.go:95.2,96.20 2 0
redditclone/pkg/handlers/user.go:101.2,101.64 1 0
redditclone/pkg/handlers/user.go:77.23,81.3 3 0
redditclone/pkg/handlers/user.go:89.39,93.3 3 0
redditclone/pkg/handlers/user.go:96.20,100.3 3 0
redditclone/pkg/user/mysql_repo.go:14.42,20.16 5 0
redditclone/pkg/user/mysql_repo.go:24.2,27.16 3 0
redditclone/pkg/user/mysql_repo.go:30.2,30.37 1 0
redditclone/pkg/user/mysql_repo.go:20.16,21.13 1 0
redditclone/pkg/user/mysql_repo.go:27.16,28.13 1 0
redditclone/pkg/user/mysql_repo.go:33.79,37.26 3 1
redditclone/pkg/user/mysql_repo.go:40.2,40.16 1 1
redditclone/pkg/user/mysql_repo.go:45.2,45.27 1 1
redditclone/pkg/user/mysql_repo.go:49.2,49.18 1 1
redditclone/pkg/user/mysql_repo.go:37.26,39.3 1 1
redditclone/pkg/user/mysql_repo.go:40.16,43.3 2 1
redditclone/pkg/user/mysql_repo.go:45.27,47.3 1 1
redditclone/pkg/user/mysql_repo.go:52.78,58.16 2 1
redditclone/pkg/user/mysql_repo.go:63.2,71.21 3 1
redditclone/pkg/user/mysql_repo.go:58.16,61.3 2 1
